0 info it worked if it ends with ok
1 verbose cli [ 'node', '/usr/local/bin/npm', 'install' ]
2 info using npm@1.4.28
3 info using node@v0.10.33
4 verbose readDependencies using package.json deps
5 verbose install where, deps [ '/Users/iha2/Sites/challenge-iheatu',
5 verbose install   [ 'express', 'request' ] ]
6 info preinstall instagallery@0.1.0
7 verbose readDependencies using package.json deps
8 verbose already installed skipping express@^4.12.4 /Users/iha2/Sites/challenge-iheatu
9 verbose cache add [ 'request@~2.58.0', null ]
10 verbose cache add name=undefined spec="request@~2.58.0" args=["request@~2.58.0",null]
11 verbose parsed url { protocol: null,
11 verbose parsed url   slashes: null,
11 verbose parsed url   auth: null,
11 verbose parsed url   host: null,
11 verbose parsed url   port: null,
11 verbose parsed url   hostname: null,
11 verbose parsed url   hash: null,
11 verbose parsed url   search: null,
11 verbose parsed url   query: null,
11 verbose parsed url   pathname: 'request@~2.58.0',
11 verbose parsed url   path: 'request@~2.58.0',
11 verbose parsed url   href: 'request@~2.58.0' }
12 verbose cache add name="request" spec="~2.58.0" args=["request","~2.58.0"]
13 verbose parsed url { protocol: null,
13 verbose parsed url   slashes: null,
13 verbose parsed url   auth: null,
13 verbose parsed url   host: null,
13 verbose parsed url   port: null,
13 verbose parsed url   hostname: null,
13 verbose parsed url   hash: null,
13 verbose parsed url   search: null,
13 verbose parsed url   query: null,
13 verbose parsed url   pathname: '~2.58.0',
13 verbose parsed url   path: '~2.58.0',
13 verbose parsed url   href: '~2.58.0' }
14 verbose addNamed [ 'request', '~2.58.0' ]
15 verbose addNamed [ null, '>=2.58.0-0 <2.59.0-0' ]
16 silly lockFile 214a32e1-request-2-58-0 request@~2.58.0
17 verbose lock request@~2.58.0 /Users/iha2/.npm/214a32e1-request-2-58-0.lock
18 silly addNameRange { name: 'request',
18 silly addNameRange   range: '>=2.58.0-0 <2.59.0-0',
18 silly addNameRange   hasData: false }
19 verbose request where is /request
20 verbose request registry https://registry.npmjs.org/
21 verbose request id 475065d86ee8375b
22 verbose url raw /request
23 verbose url resolving [ 'https://registry.npmjs.org/', './request' ]
24 verbose url resolved https://registry.npmjs.org/request
25 verbose request where is https://registry.npmjs.org/request
26 info trying registry request attempt 1 at 22:29:07
27 verbose etag "7F1OD6615WE65QB8ISPAHS0CC"
28 http GET https://registry.npmjs.org/request
29 http 304 https://registry.npmjs.org/request
30 silly registry.get cb [ 304,
30 silly registry.get   { date: 'Mon, 06 Jul 2015 02:29:07 GMT',
30 silly registry.get     via: '1.1 varnish',
30 silly registry.get     'cache-control': 'max-age=60',
30 silly registry.get     etag: '"7F1OD6615WE65QB8ISPAHS0CC"',
30 silly registry.get     age: '0',
30 silly registry.get     connection: 'keep-alive',
30 silly registry.get     'x-served-by': 'cache-ord1735-ORD',
30 silly registry.get     'x-cache': 'HIT',
30 silly registry.get     'x-cache-hits': '1',
30 silly registry.get     'x-timer': 'S1436149747.923588,VS0,VE39',
30 silly registry.get     vary: 'Accept' } ]
31 verbose etag https://registry.npmjs.org/request from cache
32 silly addNameRange number 2 { name: 'request', range: '>=2.58.0-0 <2.59.0-0', hasData: true }
33 silly addNameRange versions [ 'request',
33 silly addNameRange   [ '0.10.0',
33 silly addNameRange     '0.8.3',
33 silly addNameRange     '0.9.0',
33 silly addNameRange     '0.9.1',
33 silly addNameRange     '0.9.5',
33 silly addNameRange     '1.0.0',
33 silly addNameRange     '1.1.0',
33 silly addNameRange     '1.1.1',
33 silly addNameRange     '1.2.0',
33 silly addNameRange     '1.9.0',
33 silly addNameRange     '1.9.1',
33 silly addNameRange     '1.9.2',
33 silly addNameRange     '1.9.3',
33 silly addNameRange     '1.9.5',
33 silly addNameRange     '1.9.7',
33 silly addNameRange     '1.9.8',
33 silly addNameRange     '1.9.9',
33 silly addNameRange     '2.0.0',
33 silly addNameRange     '2.0.1',
33 silly addNameRange     '2.0.2',
33 silly addNameRange     '2.0.3',
33 silly addNameRange     '2.0.4',
33 silly addNameRange     '2.0.5',
33 silly addNameRange     '2.1.0',
33 silly addNameRange     '2.1.1',
33 silly addNameRange     '2.2.0',
33 silly addNameRange     '2.2.5',
33 silly addNameRange     '2.2.6',
33 silly addNameRange     '2.2.9',
33 silly addNameRange     '2.9.0',
33 silly addNameRange     '2.9.1',
33 silly addNameRange     '2.9.2',
33 silly addNameRange     '2.9.3',
33 silly addNameRange     '2.9.100',
33 silly addNameRange     '2.9.150',
33 silly addNameRange     '2.9.151',
33 silly addNameRange     '2.9.152',
33 silly addNameRange     '2.9.153',
33 silly addNameRange     '2.9.200',
33 silly addNameRange     '2.9.201',
33 silly addNameRange     '2.9.202',
33 silly addNameRange     '2.9.203',
33 silly addNameRange     '2.10.0',
33 silly addNameRange     '2.11.0',
33 silly addNameRange     '2.11.1',
33 silly addNameRange     '2.11.2',
33 silly addNameRange     '2.11.3',
33 silly addNameRange     '2.11.4',
33 silly addNameRange     '2.12.0',
33 silly addNameRange     '2.14.0',
33 silly addNameRange     '2.16.0',
33 silly addNameRange     '2.16.2',
33 silly addNameRange     '2.16.4',
33 silly addNameRange     '2.16.6',
33 silly addNameRange     '2.18.0',
33 silly addNameRange     '2.19.0',
33 silly addNameRange     '2.20.0',
33 silly addNameRange     '2.21.0',
33 silly addNameRange     '2.22.0',
33 silly addNameRange     '2.23.0',
33 silly addNameRange     '2.24.0',
33 silly addNameRange     '2.25.0',
33 silly addNameRange     '2.26.0',
33 silly addNameRange     '2.27.0',
33 silly addNameRange     '2.28.0',
33 silly addNameRange     '2.29.0',
33 silly addNameRange     '2.30.0',
33 silly addNameRange     '2.31.0',
33 silly addNameRange     '2.32.0',
33 silly addNameRange     '2.33.0',
33 silly addNameRange     '2.34.0',
33 silly addNameRange     '2.35.0',
33 silly addNameRange     '2.36.0',
33 silly addNameRange     '2.37.0',
33 silly addNameRange     '2.38.0',
33 silly addNameRange     '2.39.0',
33 silly addNameRange     '2.40.0',
33 silly addNameRange     '2.41.0',
33 silly addNameRange     '2.42.0',
33 silly addNameRange     '2.43.0',
33 silly addNameRange     '2.44.0',
33 silly addNameRange     '2.45.0',
33 silly addNameRange     '2.46.0',
33 silly addNameRange     '2.47.0',
33 silly addNameRange     '2.48.0',
33 silly addNameRange     '2.49.0',
33 silly addNameRange     '2.50.0',
33 silly addNameRange     '2.51.0',
33 silly addNameRange     '2.52.0',
33 silly addNameRange     '2.53.0',
33 silly addNameRange     '2.54.0',
33 silly addNameRange     '2.55.0',
33 silly addNameRange     '2.56.0',
33 silly addNameRange     '2.57.0',
33 silly addNameRange     '2.58.0' ] ]
34 verbose addNamed [ 'request', '2.58.0' ]
35 verbose addNamed [ '2.58.0', '2.58.0' ]
36 silly lockFile 5fb2c8e3-request-2-58-0 request@2.58.0
37 verbose lock request@2.58.0 /Users/iha2/.npm/5fb2c8e3-request-2-58-0.lock
38 silly lockFile efbada5b-s-org-request-request-2-58-0-tgz https://registry.npmjs.org/request/-/request-2.58.0.tgz
39 verbose lock https://registry.npmjs.org/request/-/request-2.58.0.tgz /Users/iha2/.npm/efbada5b-s-org-request-request-2-58-0-tgz.lock
40 verbose addRemoteTarball [ 'https://registry.npmjs.org/request/-/request-2.58.0.tgz',
40 verbose addRemoteTarball   'b5f49c0b94aab7fad388612a1fb6ad03b6cc1580' ]
41 info retry fetch attempt 1 at 22:29:08
42 verbose fetch to= /var/folders/h2/0mtxfj8n2zbcy0_f7grrn26m0000gn/T/npm-27275-eiLX2MXI/registry.npmjs.org/request/-/request-2.58.0.tgz
43 http GET https://registry.npmjs.org/request/-/request-2.58.0.tgz
44 http 200 https://registry.npmjs.org/request/-/request-2.58.0.tgz
45 silly lockFile efbada5b-s-org-request-request-2-58-0-tgz https://registry.npmjs.org/request/-/request-2.58.0.tgz
46 silly lockFile efbada5b-s-org-request-request-2-58-0-tgz https://registry.npmjs.org/request/-/request-2.58.0.tgz
47 silly lockFile 5fb2c8e3-request-2-58-0 request@2.58.0
48 silly lockFile 5fb2c8e3-request-2-58-0 request@2.58.0
49 silly lockFile 214a32e1-request-2-58-0 request@~2.58.0
50 silly lockFile 214a32e1-request-2-58-0 request@~2.58.0
51 error Error: EACCES, mkdir '/Users/iha2/.npm/request/2.58.0'
51 error  { [Error: EACCES, mkdir '/Users/iha2/.npm/request/2.58.0']
51 error   errno: 3,
51 error   code: 'EACCES',
51 error   path: '/Users/iha2/.npm/request/2.58.0',
51 error   parent: 'instagallery' }
52 error Please try running this command again as root/Administrator.
53 error System Darwin 14.3.0
54 error command "node" "/usr/local/bin/npm" "install"
55 error cwd /Users/iha2/Sites/challenge-iheatu
56 error node -v v0.10.33
57 error npm -v 1.4.28
58 error path /Users/iha2/.npm/request/2.58.0
59 error code EACCES
60 error errno 3
61 error stack Error: EACCES, mkdir '/Users/iha2/.npm/request/2.58.0'
62 verbose exit [ 3, true ]
